00:00  INFO: GameServer commandline script started
00:00  INFO: GameServer launched on port 61234
00:02  INFO: Accepted new connection from /127.0.0.1
00:02  INFO: Waiting for player name...
00:02  INFO: Received player name: LobbyHoster_512.8915557799743_1595583443701
00:02  INFO: Connection to client /127.0.0.1 with name LobbyHoster_512.8915557799743_1595583443701 established
00:02  INFO: Match received, created lobby mylobby
00:02  INFO: Now closing connection to /127.0.0.1
00:02  INFO: Removed player name LobbyHoster_512.8915557799743_1595583443701
00:02  INFO: Accepted new connection from /127.0.0.1
00:02  INFO: Waiting for player name...
00:02  INFO: Received player name: foo
00:02  INFO: Connection to client /127.0.0.1 with name foo established
00:02  INFO: Player 0 joined lobby, initiating handshake
00:02  INFO: Player name for id 0: foo
00:02  INFO: The number of engines has just been increased to : 1
00:02  INFO: Removed player name foo
00:02  INFO: Accepted new connection from /127.0.0.1
00:02  INFO: Waiting for player name...
00:02  INFO: Received player name: bar
00:02  INFO: Connection to client /127.0.0.1 with name bar established
00:02  INFO: Player 1 joined lobby, initiating handshake
00:02  INFO: Player name for id 1: bar
00:02  INFO: The number of engines has just been increased to : 2
00:02  INFO: Starting game
00:02  INFO: Removed lobby with name mylobby
00:02  INFO: Removed player name foo
00:02  INFO: Removed player name bar
00:02  INFO: Registering referee "za.ac.sun.cs.ingenious.games.mnk.MNKReferee" as "MNKReferee"
00:02  INFO: Registering referee "za.ac.sun.cs.ingenious.games.domineering.DomineeringReferee" as "DomineeringReferee"
00:02  INFO: Registering referee "za.ac.sun.cs.ingenious.games.loa.LOAController" as "LOAController"
00:02  INFO: Registering referee "za.ac.sun.cs.ingenious.games.othello.OthelloReferee" as "OthelloReferee"
00:02  INFO: Registering referee "za.ac.sun.cs.ingenious.games.cardGames.uno.game.UnoReferee" as "UnoReferee"
00:02  INFO: Registering referee "za.ac.sun.cs.ingenious.games.cardGames.hearts.game.HeartsReferee" as "HeartsReferee"
00:02  INFO: Registering referee "za.ac.sun.cs.ingenious.games.bomberman.BMReferee" as "BMReferee"
00:02  INFO: Registering referee "za.ac.sun.cs.ingenious.games.tictactoe.TTTReferee" as "TTTReferee"
00:02  INFO: Removed player name bar
00:02  INFO: ===================
00:02  INFO: Starting OthelloReferee
00:02  INFO: ===================
00:06  INFO: Game state is now:
00:06  INFO: 
Black Score: 4
White Score: 1
Next player: white
Board:
 |01234567
----------
0|********
1|********
2|***0****
3|***00***
4|***01***
5|********
6|********
7|********

00:10  INFO: Game state is now:
00:10  INFO: 
Black Score: 3
White Score: 3
Next player: black
Board:
 |01234567
----------
0|********
1|********
2|**10****
3|***10***
4|***01***
5|********
6|********
7|********

00:14  INFO: Game state is now:
00:14  INFO: 
Black Score: 5
White Score: 2
Next player: white
Board:
 |01234567
----------
0|********
1|********
2|**10****
3|***10***
4|***000**
5|********
6|********
7|********

00:18  INFO: Game state is now:
00:18  INFO: 
Black Score: 4
White Score: 4
Next player: black
Board:
 |01234567
----------
0|********
1|***1****
2|**11****
3|***10***
4|***000**
5|********
6|********
7|********

00:20  INFO: Game state is now:
00:20  INFO: 
Black Score: 8
White Score: 1
Next player: white
Board:
 |01234567
----------
0|***0****
1|***0****
2|**10****
3|***00***
4|***000**
5|********
6|********
7|********

00:24  INFO: Game state is now:
00:24  INFO: 
Black Score: 7
White Score: 3
Next player: black
Board:
 |01234567
----------
0|***0****
1|***0****
2|**111***
3|***00***
4|***000**
5|********
6|********
7|********

00:28  INFO: Game state is now:
00:28  INFO: 
Black Score: 9
White Score: 2
Next player: white
Board:
 |01234567
----------
0|***0****
1|**00****
2|**101***
3|***00***
4|***000**
5|********
6|********
7|********

00:31  INFO: Game state is now:
00:31  INFO: 
Black Score: 8
White Score: 4
Next player: black
Board:
 |01234567
----------
0|***0****
1|**00****
2|**101***
3|***10***
4|**1000**
5|********
6|********
7|********

00:35  INFO: Game state is now:
00:35  INFO: 
Black Score: 11
White Score: 2
Next player: white
Board:
 |01234567
----------
0|***0****
1|*000****
2|**001***
3|***00***
4|**1000**
5|********
6|********
7|********

00:39  INFO: Game state is now:
00:39  INFO: 
Black Score: 8
White Score: 6
Next player: black
Board:
 |01234567
----------
0|***0****
1|*000****
2|**001***
3|***00***
4|**11111*
5|********
6|********
7|********

00:43  INFO: Game state is now:
00:43  INFO: 
Black Score: 10
White Score: 5
Next player: white
Board:
 |01234567
----------
0|***0****
1|*000****
2|**0000**
3|***00***
4|**11111*
5|********
6|********
7|********

00:47  INFO: Game state is now:
00:47  INFO: 
Black Score: 10
White Score: 0
Next player: white
Board:
 |01234567
----------
0|***0****
1|*000****
2|**0000**
3|***00***
4|**11111*
5|********
6|********
7|********

00:47  INFO: Game ended before the board was full
00:47  INFO: White null
00:47  INFO: Game has terminated!
00:47  INFO: Final scores:
00:47  INFO: Player 0 (foo): 10.0
00:47  INFO: Player 1 (bar): 0.0
00:47  INFO: ========================
00:47  INFO: Shutting down OthelloReferee
00:47  INFO: ========================
