00:00  INFO: Client commandline script started
00:00  INFO: Connecting to localhost:61234
00:00  INFO: Registering: bar
00:00  INFO: Refresh requested
00:04  INFO: 
Black Score: 4
White Score: 1
Next player: white
Board:
 |01234567
----------
0|********
1|********
2|***0****
3|***00***
4|***01***
5|********
6|********
7|********

00:08  INFO: Player chose move: 22
00:12  INFO: 
Black Score: 5
White Score: 2
Next player: white
Board:
 |01234567
----------
0|********
1|********
2|**10****
3|***10***
4|***000**
5|********
6|********
7|********

00:15  INFO: Player chose move: 13
00:18  INFO: 
Black Score: 8
White Score: 1
Next player: white
Board:
 |01234567
----------
0|***0****
1|***0****
2|**10****
3|***00***
4|***000**
5|********
6|********
7|********

00:21  INFO: Player chose move: 24
00:25  INFO: 
Black Score: 9
White Score: 2
Next player: white
Board:
 |01234567
----------
0|***0****
1|**00****
2|**101***
3|***00***
4|***000**
5|********
6|********
7|********

00:29  INFO: Player chose move: 42
00:33  INFO: 
Black Score: 11
White Score: 2
Next player: white
Board:
 |01234567
----------
0|***0****
1|*000****
2|**001***
3|***00***
4|**1000**
5|********
6|********
7|********

00:36  INFO: Player chose move: 46
00:40  INFO: 
Black Score: 10
White Score: 5
Next player: white
Board:
 |01234567
----------
0|***0****
1|*000****
2|**0000**
3|***00***
4|**11111*
5|********
6|********
7|********

00:44 ERROR: You ran out of time.
00:44  INFO: 
Black Score: 10
White Score: 0
Next player: white
Board:
 |01234567
----------
0|***0****
1|*000****
2|**0000**
3|***00***
4|**11111*
5|********
6|********
7|********

00:44  INFO: Player 1:  game terminated received
00:44  INFO: You (player 2) lost!
