00:00  INFO: Client commandline script started
00:00  INFO: Connecting to localhost:61234
00:00  INFO: Registering: foo
00:00  INFO: Refresh requested
00:00  INFO: 
Black Score: 2
White Score: 2
Next player: black
Board:
 |01234567
----------
0|********
1|********
2|********
3|***10***
4|***01***
5|********
6|********
7|********

00:04  INFO: Player chose move: 23
00:08  INFO: 
Black Score: 3
White Score: 3
Next player: black
Board:
 |01234567
----------
0|********
1|********
2|**10****
3|***10***
4|***01***
5|********
6|********
7|********

00:12  INFO: Player chose move: 45
00:16  INFO: 
Black Score: 4
White Score: 4
Next player: black
Board:
 |01234567
----------
0|********
1|***1****
2|**11****
3|***10***
4|***000**
5|********
6|********
7|********

00:18  INFO: Player chose move: 03
00:22  INFO: 
Black Score: 7
White Score: 3
Next player: black
Board:
 |01234567
----------
0|***0****
1|***0****
2|**111***
3|***00***
4|***000**
5|********
6|********
7|********

00:25  INFO: Player chose move: 12
00:29  INFO: 
Black Score: 8
White Score: 4
Next player: black
Board:
 |01234567
----------
0|***0****
1|**00****
2|**101***
3|***10***
4|**1000**
5|********
6|********
7|********

00:33  INFO: Player chose move: 11
00:36  INFO: 
Black Score: 8
White Score: 6
Next player: black
Board:
 |01234567
----------
0|***0****
1|*000****
2|**001***
3|***00***
4|**11111*
5|********
6|********
7|********

00:40  INFO: Player chose move: 25
00:44  INFO: 
Black Score: 10
White Score: 0
Next player: white
Board:
 |01234567
----------
0|***0****
1|*000****
2|**0000**
3|***00***
4|**11111*
5|********
6|********
7|********

00:44  INFO: Player 0:  game terminated received
00:44  INFO: You (player 1) won!
